Using pre-set license
Built from '2021.1/staging' branch; Version is '2021.1.17f1 (03b40fe07a36) revision 242703'; Using compiler version '192528614'; Build Type 'Release'
OS: 'Windows 10 Education; OS build 19042.1348; Version 2009; 64bit' Language: 'ko' Physical Memory: 16326 MB
BatchMode: 1, IsHumanControllingUs: 0, StartBugReporterOnCrash: 0, Is64bit: 1, IsPro: 0

 COMMAND LINE ARGUMENTS:
D:\2021.1.17f1\Editor\Unity.exe
-adb2
-batchMode
-noUpm
-name
AssetImportWorker0
-projectPath
D:/Unity/IronboyAdventure/Ironboy_Adventure
-logFile
Logs/AssetImportWorker0.log
-srvPort
11675
Successfully changed project path to: D:/Unity/IronboyAdventure/Ironboy_Adventure
D:/Unity/IronboyAdventure/Ironboy_Adventure
Using Asset Import Pipeline V2.
Refreshing native plugins compatible for Editor in 150.33 ms, found 3 plugins.
Preloading 0 native plugins for Editor in 0.00 ms.
Initialize engine version: 2021.1.17f1 (03b40fe07a36)
[Subsystems] Discovering subsystems at path D:/2021.1.17f1/Editor/Data/Resources/UnitySubsystems
[Subsystems] Discovering subsystems at path D:/Unity/IronboyAdventure/Ironboy_Adventure/Assets
GfxDevice: creating device client; threaded=0; jobified=0
Direct3D:
    Version:  Direct3D 11.0 [level 11.1]
    Renderer: NVIDIA GeForce GTX 1080 (ID=0x1b80)
    Vendor:   NVIDIA
    VRAM:     8079 MB
    Driver:   27.21.14.5671
Initialize mono
Mono path[0] = 'D:/2021.1.17f1/Editor/Data/Managed'
Mono path[1] = 'D:/2021.1.17f1/Editor/Data/MonoBleedingEdge/lib/mono/unityjit'
Mono config path = 'D:/2021.1.17f1/Editor/Data/MonoBleedingEdge/etc'
Using monoOptions --debugger-agent=transport=dt_socket,embedding=1,server=y,suspend=n,address=127.0.0.1:56548
Begin MonoManager ReloadAssembly
Registering precompiled unity dll's ...
Register platform support module: D:/2021.1.17f1/Editor/Data/PlaybackEngines/WindowsStandaloneSupport/UnityEditor.WindowsStandalone.Extensions.dll
Registered in 0.001525 seconds.
Native extension for WindowsStandalone target not found
Refreshing native plugins compatible for Editor in 153.89 ms, found 3 plugins.
Preloading 0 native plugins for Editor in 0.00 ms.
Mono: successfully reloaded assembly
- Completed reload, in  1.360 seconds
Domain Reload Profiling:
	ReloadAssembly (1360ms)
		BeginReloadAssembly (79ms)
			ExecutionOrderSort (0ms)
			DisableScriptedObjects (0ms)
			BackupInstance (0ms)
			ReleaseScriptingObjects (0ms)
			CreateAndSetChildDomain (1ms)
		EndReloadAssembly (537ms)
			LoadAssemblies (78ms)
			RebuildTransferFunctionScriptingTraits (0ms)
			SetupTypeCache (168ms)
			ReleaseScriptCaches (0ms)
			RebuildScriptCaches (31ms)
			SetupLoadedEditorAssemblies (291ms)
				LogAssemblyErrors (0ms)
				InitializePlatformSupportModulesInManaged (6ms)
				SetLoadedEditorAssemblies (0ms)
				RefreshPlugins (154ms)
				BeforeProcessingInitializeOnLoad (1ms)
				ProcessInitializeOnLoadAttributes (100ms)
				ProcessInitializeOnLoadMethodAttributes (30ms)
				AfterProcessingInitializeOnLoad (0ms)
				EditorAssembliesLoaded (0ms)
			ExecutionOrderSort2 (0ms)
			AwakeInstancesAfterBackupRestoration (0ms)
Platform modules already initialized, skipping
Registering precompiled user dll's ...
Registered in 0.008562 seconds.
Begin MonoManager ReloadAssembly
Symbol file LoadedFromMemory doesn't match image D:\Unity\IronboyAdventure\Ironboy_Adventure\Library\PackageCache\com.unity.visualscripting@1.6.1\Editor\VisualScripting.Core\Dependencies\YamlDotNet\Unity.VisualScripting.YamlDotNet.dll
Symbol file LoadedFromMemory doesn't match image D:\Unity\IronboyAdventure\Ironboy_Adventure\Library\PackageCache\com.unity.visualscripting@1.6.1\Editor\VisualScripting.Core\Dependencies\DotNetZip\Unity.VisualScripting.IonicZip.dll
Native extension for WindowsStandalone target not found
Refreshing native plugins compatible for Editor in 1.27 ms, found 3 plugins.
Preloading 0 native plugins for Editor in 0.00 ms.
Mono: successfully reloaded assembly
- Completed reload, in  1.264 seconds
Domain Reload Profiling:
	ReloadAssembly (1264ms)
		BeginReloadAssembly (174ms)
			ExecutionOrderSort (0ms)
			DisableScriptedObjects (4ms)
			BackupInstance (0ms)
			ReleaseScriptingObjects (0ms)
			CreateAndSetChildDomain (21ms)
		EndReloadAssembly (1036ms)
			LoadAssemblies (114ms)
			RebuildTransferFunctionScriptingTraits (0ms)
			SetupTypeCache (357ms)
			ReleaseScriptCaches (1ms)
			RebuildScriptCaches (60ms)
			SetupLoadedEditorAssemblies (429ms)
				LogAssemblyErrors (0ms)
				InitializePlatformSupportModulesInManaged (4ms)
				SetLoadedEditorAssemblies (0ms)
				RefreshPlugins (1ms)
				BeforeProcessingInitializeOnLoad (70ms)
				ProcessInitializeOnLoadAttributes (345ms)
				ProcessInitializeOnLoadMethodAttributes (5ms)
				AfterProcessingInitializeOnLoad (3ms)
				EditorAssembliesLoaded (0ms)
			ExecutionOrderSort2 (0ms)
			AwakeInstancesAfterBackupRestoration (7ms)
Platform modules already initialized, skipping
========================================================================
Worker process is ready to serve import requests
Launched and connected shader compiler UnityShaderCompiler.exe after 0.06 seconds
Refreshing native plugins compatible for Editor in 1.28 ms, found 3 plugins.
Preloading 0 native plugins for Editor in 0.00 ms.
Unloading 3633 Unused Serialized files (Serialized files now loaded: 0)
System memory in use before: 211.0 MB.
System memory in use after: 211.3 MB.

Unloading 24 unused Assets to reduce memory usage. Loaded Objects now: 4131.
Total: 3.251800 ms (FindLiveObjects: 0.265400 ms CreateObjectMapping: 0.188800 ms MarkObjects: 2.708100 ms  DeleteObjects: 0.088500 ms)

AssetImportParameters requested are different than current active one (requested -> active):
  custom:framework-win-MediaFoundation: 216162199b28c13a410421893ffa2e32 -> 
  custom:video-decoder-ogg-theora: a1e56fd34408186e4bbccfd4996cb3dc -> 
  custom:container-muxer-webm: aa71ff27fc2769a1b78a27578f13a17b -> 
  custom:container-demuxer-webm: 4f35f7cbe854078d1ac9338744f61a02 -> 
  custom:container-demuxer-ogg: 62fdf1f143b41e24485cea50d1cbac27 -> 
  custom:video-encoder-webm-vp8: eb34c28f22e8b96e1ab97ce403110664 -> 
  custom:video-decoder-webm-vp8: 9c59270c3fd7afecdb556c50c9e8de78 -> 
  custom:audio-decoder-ogg-vorbis: bf7c407c2cedff20999df2af8eb42d56 -> 
  custom:audio-encoder-webm-vorbis: bf7c407c2cedff20999df2af8eb42d56 -> 
========================================================================
Received Import Request.
  path: Assets/IA/Prefabs/IronBoy.prefab
  artifactKey: Guid(1d03c543d42b34d4ba0b41a498d01ef2) Importer(815301076,1909f56bfc062723c751e8b465ee728b)
Start importing Assets/IA/Prefabs/IronBoy.prefab using Guid(1d03c543d42b34d4ba0b41a498d01ef2) Importer(815301076,1909f56bfc062723c751e8b465ee728b)  -> (artifact id: '16157a94c89c7a02ab6e5f9bb9ac4c0f') in 0.148371 seconds 
========================================================================
Received Import Request.
  Time since last request: 0.019563 seconds.
  path: Assets/Polytope Studio/Lowpoly Medieval Environments/Sources/Shaders/VS_indirect.cginc
  artifactKey: Guid(3e336216065dbd84f94c41015a5d29ef) Importer(815301076,1909f56bfc062723c751e8b465ee728b)
Start importing Assets/Polytope Studio/Lowpoly Medieval Environments/Sources/Shaders/VS_indirect.cginc using Guid(3e336216065dbd84f94c41015a5d29ef) Importer(815301076,1909f56bfc062723c751e8b465ee728b)  -> (artifact id: 'f524e3be35a187cdbbca574405f6272c') in 0.022197 seconds 
========================================================================
Received Import Request.
  Time since last request: 0.219588 seconds.
  path: Assets/Resources/Adventurer Aland/Materials/Adventurer Aland-Blue.mat
  artifactKey: Guid(2be93d9f6650cca4fa270303b2530769) Importer(815301076,1909f56bfc062723c751e8b465ee728b)
Start importing Assets/Resources/Adventurer Aland/Materials/Adventurer Aland-Blue.mat using Guid(2be93d9f6650cca4fa270303b2530769) Importer(815301076,1909f56bfc062723c751e8b465ee728b)  -> (artifact id: 'e838c4b63673ede4e3020aec01174cec') in 0.029839 seconds 
========================================================================
Received Import Request.
  Time since last request: 0.295225 seconds.
  path: Assets/New Terrain 4.asset
  artifactKey: Guid(26adf64f37f0f82429464c6a8ae813f9) Importer(815301076,1909f56bfc062723c751e8b465ee728b)
Start importing Assets/New Terrain 4.asset using Guid(26adf64f37f0f82429464c6a8ae813f9) Importer(815301076,1909f56bfc062723c751e8b465ee728b)  -> (artifact id: '57a1dfae1dc0ce9a34fe5538a4982d19') in 0.040549 seconds 
========================================================================
Received Import Request.
  Time since last request: 0.038626 seconds.
  path: Assets/Low Poly Rocks Pack/Rock Assets/Meshes/Colliders/Sharp_Rocks/Rock_Sharp_m_10_Collider.fbx
  artifactKey: Guid(e18cc25cf5a234f45b719030340e60e8) Importer(815301076,1909f56bfc062723c751e8b465ee728b)
Start importing Assets/Low Poly Rocks Pack/Rock Assets/Meshes/Colliders/Sharp_Rocks/Rock_Sharp_m_10_Collider.fbx using Guid(e18cc25cf5a234f45b719030340e60e8) Importer(815301076,1909f56bfc062723c751e8b465ee728b)  -> (artifact id: '93095528113c6eacf0b38ef3e78e3179') in 0.050746 seconds 
========================================================================
Received Import Request.
  Time since last request: 0.124589 seconds.
  path: Assets/Low Poly Rocks Pack/Rock Assets/Materials/Rocks.mat
  artifactKey: Guid(653b0fff082caf549a07767b0161c779) Importer(815301076,1909f56bfc062723c751e8b465ee728b)
Start importing Assets/Low Poly Rocks Pack/Rock Assets/Materials/Rocks.mat using Guid(653b0fff082caf549a07767b0161c779) Importer(815301076,1909f56bfc062723c751e8b465ee728b)  -> (artifact id: 'de614eafb8510216478ab9e3d5b7af2c') in 0.013712 seconds 
========================================================================
Received Import Request.
  Time since last request: 0.104281 seconds.
  path: Assets/Low Poly Rocks Pack/Rock Assets/Meshes/1 Color/Sharp_Rocks/Rock_Sharp_m_03.fbx
  artifactKey: Guid(74a2d74226bbc9241ae308e4c028ffc7) Importer(815301076,1909f56bfc062723c751e8b465ee728b)
Start importing Assets/Low Poly Rocks Pack/Rock Assets/Meshes/1 Color/Sharp_Rocks/Rock_Sharp_m_03.fbx using Guid(74a2d74226bbc9241ae308e4c028ffc7) Importer(815301076,1909f56bfc062723c751e8b465ee728b)  -> (artifact id: '0a4677520bb37dde3de55e1b0c465133') in 0.014823 seconds 
========================================================================
Received Import Request.
  Time since last request: 0.081673 seconds.
  path: Assets/Low Poly Rocks Pack/Rock Assets/Meshes/Colliders/Sharp_Rocks/Rocks_Sharp_l_05_Collider.fbx
  artifactKey: Guid(24dfb0aa6a35ca74fa166572f4bc86d7) Importer(815301076,1909f56bfc062723c751e8b465ee728b)
Start importing Assets/Low Poly Rocks Pack/Rock Assets/Meshes/Colliders/Sharp_Rocks/Rocks_Sharp_l_05_Collider.fbx using Guid(24dfb0aa6a35ca74fa166572f4bc86d7) Importer(815301076,1909f56bfc062723c751e8b465ee728b)  -> (artifact id: '2ec59860b24a8bb09b310a5e518fdb4f') in 0.014483 seconds 
========================================================================
Received Import Request.
  Time since last request: 0.022374 seconds.
  path: Assets/Low Poly Rocks Pack/Rock Assets/Meshes/Colliders/Sharp_Rocks/Rock_Sharp_m_03_Collider.fbx
  artifactKey: Guid(9ff9101e64bb36741a69ed0509f7a523) Importer(815301076,1909f56bfc062723c751e8b465ee728b)
Start importing Assets/Low Poly Rocks Pack/Rock Assets/Meshes/Colliders/Sharp_Rocks/Rock_Sharp_m_03_Collider.fbx using Guid(9ff9101e64bb36741a69ed0509f7a523) Importer(815301076,1909f56bfc062723c751e8b465ee728b)  -> (artifact id: '6050bde49a9c14f546fe80efdee77684') in 0.013712 seconds 
========================================================================
Received Import Request.
  Time since last request: 0.052490 seconds.
  path: Assets/Low Poly Rocks Pack/Rock Assets/Meshes/Colliders/Sharp_Rocks/Rocks_Sharp_l_06_Collider.fbx
  artifactKey: Guid(9a88cc33fccde434ebee08e6eb79f9ee) Importer(815301076,1909f56bfc062723c751e8b465ee728b)
Start importing Assets/Low Poly Rocks Pack/Rock Assets/Meshes/Colliders/Sharp_Rocks/Rocks_Sharp_l_06_Collider.fbx using Guid(9a88cc33fccde434ebee08e6eb79f9ee) Importer(815301076,1909f56bfc062723c751e8b465ee728b)  -> (artifact id: 'ae357bdc35bb7f495616616dc1032d73') in 0.013810 seconds 
========================================================================
Received Import Request.
  Time since last request: 0.292251 seconds.
  path: Assets/Polytope Studio/Lowpoly Medieval Environments/Sources/Shaders/PT_Vegetation_Opaque_Shader_VS.shader
  artifactKey: Guid(9644638587573544181f148540ce0ce0) Importer(815301076,1909f56bfc062723c751e8b465ee728b)
Start importing Assets/Polytope Studio/Lowpoly Medieval Environments/Sources/Shaders/PT_Vegetation_Opaque_Shader_VS.shader using Guid(9644638587573544181f148540ce0ce0) Importer(815301076,1909f56bfc062723c751e8b465ee728b)  -> (artifact id: '63a0510c8ab5c044129831dc30b76f62') in 0.012071 seconds 
========================================================================
Received Import Request.
  Time since last request: 0.019547 seconds.
  path: Assets/Low Poly Rocks Pack/Rock Assets/Meshes/1 Color/Sharp_Rocks/Rock_Sharp_crk_m_01.fbx
  artifactKey: Guid(2ac717b85fd84034ea8a77d587da0562) Importer(815301076,1909f56bfc062723c751e8b465ee728b)
Start importing Assets/Low Poly Rocks Pack/Rock Assets/Meshes/1 Color/Sharp_Rocks/Rock_Sharp_crk_m_01.fbx using Guid(2ac717b85fd84034ea8a77d587da0562) Importer(815301076,1909f56bfc062723c751e8b465ee728b)  -> (artifact id: '8751f6e54acaf3d78282db1da1914f06') in 0.016054 seconds 
========================================================================
Received Import Request.
  Time since last request: 0.047341 seconds.
  path: Assets/GUI PRO Kit - Simple Casual/Sprite/Component/Slider/Slider_Demo_Light/SliderGroup_Pass_Fill1.png
  artifactKey: Guid(bf8963cc5fcce49708e7ff042c196692) Importer(815301076,1909f56bfc062723c751e8b465ee728b)
Start importing Assets/GUI PRO Kit - Simple Casual/Sprite/Component/Slider/Slider_Demo_Light/SliderGroup_Pass_Fill1.png using Guid(bf8963cc5fcce49708e7ff042c196692) Importer(815301076,1909f56bfc062723c751e8b465ee728b)  -> (artifact id: 'a6fa96d2728ac81936995e83d1d70085') in 0.053820 seconds 
========================================================================
Received Import Request.
  Time since last request: 0.112220 seconds.
  path: Assets/Low Poly Rocks Pack/Rock Assets/Meshes/1 Color/Sharp_Rocks/Rocks_Sharp_s_04.fbx
  artifactKey: Guid(0e14cb14e12e29643aa973fdf8c0766d) Importer(815301076,1909f56bfc062723c751e8b465ee728b)
Start importing Assets/Low Poly Rocks Pack/Rock Assets/Meshes/1 Color/Sharp_Rocks/Rocks_Sharp_s_04.fbx using Guid(0e14cb14e12e29643aa973fdf8c0766d) Importer(815301076,1909f56bfc062723c751e8b465ee728b)  -> (artifact id: '20cbec2f1e7f2e9349f8f7f63404c6c7') in 0.014726 seconds 
========================================================================
Received Import Request.
  Time since last request: 0.280689 seconds.
  path: Assets/GUI PRO Kit - Simple Casual/Sprite/Component/Slider/Slider_Demo_Light/SliderGroup_Pass_DividLIne.png
  artifactKey: Guid(ee29fda90e2624023be3413771b81fe7) Importer(815301076,1909f56bfc062723c751e8b465ee728b)
Start importing Assets/GUI PRO Kit - Simple Casual/Sprite/Component/Slider/Slider_Demo_Light/SliderGroup_Pass_DividLIne.png using Guid(ee29fda90e2624023be3413771b81fe7) Importer(815301076,1909f56bfc062723c751e8b465ee728b)  -> (artifact id: '07d3f6fbc4760fc5e11ecd5e66380e30') in 0.012633 seconds 
========================================================================
Received Import Request.
  Time since last request: 0.262591 seconds.
  path: Assets/Resources/Adventurer Aland/Textures/Adventurer Aland-Blue.tga
  artifactKey: Guid(dba68917af996664b9ae3d5785a72ed6) Importer(815301076,1909f56bfc062723c751e8b465ee728b)
Start importing Assets/Resources/Adventurer Aland/Textures/Adventurer Aland-Blue.tga using Guid(dba68917af996664b9ae3d5785a72ed6) Importer(815301076,1909f56bfc062723c751e8b465ee728b)  -> (artifact id: '9f12726ff868a23c0927b89f54cc6aa1') in 0.018688 seconds 
========================================================================
Received Import Request.
  Time since last request: 0.055896 seconds.
  path: Assets/Low Poly Rocks Pack/Rock Assets/Meshes/1 Color/Sharp_Rocks/Rock_Sharp_m_13.fbx
  artifactKey: Guid(17d0ea534d772c6439a2697eeced772a) Importer(815301076,1909f56bfc062723c751e8b465ee728b)
Start importing Assets/Low Poly Rocks Pack/Rock Assets/Meshes/1 Color/Sharp_Rocks/Rock_Sharp_m_13.fbx using Guid(17d0ea534d772c6439a2697eeced772a) Importer(815301076,1909f56bfc062723c751e8b465ee728b)  -> (artifact id: '9e4a04e46818c9b74cd7f826e019be35') in 0.014047 seconds 
========================================================================
Received Import Request.
  Time since last request: 0.088192 seconds.
  path: Assets/Low Poly Rocks Pack/Rock Assets/Meshes/1 Color/Sharp_Rocks/Rock_Sharp_l_05.fbx
  artifactKey: Guid(c5169310c66794a41ab39ead6bf4ad35) Importer(815301076,1909f56bfc062723c751e8b465ee728b)
Start importing Assets/Low Poly Rocks Pack/Rock Assets/Meshes/1 Color/Sharp_Rocks/Rock_Sharp_l_05.fbx using Guid(c5169310c66794a41ab39ead6bf4ad35) Importer(815301076,1909f56bfc062723c751e8b465ee728b)  -> (artifact id: '5a545c8429a1498f9f3f8cc7c6ea6fe1') in 0.013764 seconds 
========================================================================
Received Import Request.
  Time since last request: 0.151121 seconds.
  path: Assets/GUI PRO Kit - Simple Casual/Sprite/Component/Slider/Slider_Demo_Light/SliderGroup_Pass_FillArea.png
  artifactKey: Guid(ba11bc42d0ec94c44b5e7c423228773a) Importer(815301076,1909f56bfc062723c751e8b465ee728b)
Start importing Assets/GUI PRO Kit - Simple Casual/Sprite/Component/Slider/Slider_Demo_Light/SliderGroup_Pass_FillArea.png using Guid(ba11bc42d0ec94c44b5e7c423228773a) Importer(815301076,1909f56bfc062723c751e8b465ee728b)  -> (artifact id: '7353f649a224a4a834b91e76f261c6e7') in 0.018617 seconds 
========================================================================
Received Import Request.
  Time since last request: 0.117623 seconds.
  path: Assets/Polytope Studio/Lowpoly Medieval Environments/Sources/Shaders/PT_Vegetation_Plants_Shader_VS.shader
  artifactKey: Guid(8a9c9453b796d9b4e8af20c911d7eab7) Importer(815301076,1909f56bfc062723c751e8b465ee728b)
Start importing Assets/Polytope Studio/Lowpoly Medieval Environments/Sources/Shaders/PT_Vegetation_Plants_Shader_VS.shader using Guid(8a9c9453b796d9b4e8af20c911d7eab7) Importer(815301076,1909f56bfc062723c751e8b465ee728b)  -> (artifact id: '4b8c14181bdb706cb2ca805ee5e1f16e') in 0.006807 seconds 
========================================================================
Received Import Request.
  Time since last request: 0.400032 seconds.
  path: Assets/Low Poly Rocks Pack/Rock Assets/Meshes/1 Color/Sharp_Rocks/Rock_Sharp_m_14.fbx
  artifactKey: Guid(1e6cba1f337a4584ea1e635bf0119e56) Importer(815301076,1909f56bfc062723c751e8b465ee728b)
Start importing Assets/Low Poly Rocks Pack/Rock Assets/Meshes/1 Color/Sharp_Rocks/Rock_Sharp_m_14.fbx using Guid(1e6cba1f337a4584ea1e635bf0119e56) Importer(815301076,1909f56bfc062723c751e8b465ee728b)  -> (artifact id: '6a72724bfa5f09b582acaddb343f71f9') in 0.015590 seconds 
========================================================================
Received Import Request.
  Time since last request: 0.071749 seconds.
  path: Assets/GUI PRO Kit - Simple Casual/Sprite/Component/Slider/Slider_Demo_Light/SliderGroup_Pass_Frame.png
  artifactKey: Guid(0ca9d9cc530504b22988045692190070) Importer(815301076,1909f56bfc062723c751e8b465ee728b)
Start importing Assets/GUI PRO Kit - Simple Casual/Sprite/Component/Slider/Slider_Demo_Light/SliderGroup_Pass_Frame.png using Guid(0ca9d9cc530504b22988045692190070) Importer(815301076,1909f56bfc062723c751e8b465ee728b)  -> (artifact id: 'c7f824e355b21127eb21c9064a7411a0') in 0.017473 seconds 
========================================================================
Received Import Request.
  Time since last request: 0.012676 seconds.
  path: Assets/Low Poly Rocks Pack/Rock Assets/Meshes/Colliders/Sharp_Rocks/Rock_Sharp_m_14_Collider.fbx
  artifactKey: Guid(22393694d6cf02f49ac189005c98f02e) Importer(815301076,1909f56bfc062723c751e8b465ee728b)
Start importing Assets/Low Poly Rocks Pack/Rock Assets/Meshes/Colliders/Sharp_Rocks/Rock_Sharp_m_14_Collider.fbx using Guid(22393694d6cf02f49ac189005c98f02e) Importer(815301076,1909f56bfc062723c751e8b465ee728b)  -> (artifact id: '84ead7d075492a68317bbdebf3112cff') in 0.016632 seconds 
========================================================================
Received Import Request.
  Time since last request: 0.124452 seconds.
  path: Assets/Low Poly Rocks Pack/Rock Assets/Meshes/1 Color/Sharp_Rocks/Rock_Sharp_l_04.fbx
  artifactKey: Guid(2607f6acfc5ff7e4b86eaf465d3e1933) Importer(815301076,1909f56bfc062723c751e8b465ee728b)
Start importing Assets/Low Poly Rocks Pack/Rock Assets/Meshes/1 Color/Sharp_Rocks/Rock_Sharp_l_04.fbx using Guid(2607f6acfc5ff7e4b86eaf465d3e1933) Importer(815301076,1909f56bfc062723c751e8b465ee728b)  -> (artifact id: 'f67e80d5ff9fb9b504ed2004f55c4ed7') in 0.017212 seconds 
========================================================================
Received Import Request.
  Time since last request: 0.183969 seconds.
  path: Assets/Polytope Studio/Lowpoly Medieval Environments/Sources/Meshes/Plants/PT_Grass_02.fbx
  artifactKey: Guid(8c71f03fcb0c13644a30696cafc5cda8) Importer(815301076,1909f56bfc062723c751e8b465ee728b)
Start importing Assets/Polytope Studio/Lowpoly Medieval Environments/Sources/Meshes/Plants/PT_Grass_02.fbx using Guid(8c71f03fcb0c13644a30696cafc5cda8) Importer(815301076,1909f56bfc062723c751e8b465ee728b)  -> (artifact id: 'c98b4f85b8626adb23f6fbadb46c1513') in 0.060519 seconds 
========================================================================
Received Import Request.
  Time since last request: 0.109578 seconds.
  path: Assets/Polytope Studio/Lowpoly Medieval Environments/Sources/Materials/PT_Generic_Tree_Trunk_mat.mat
  artifactKey: Guid(e6ce4253a748b0849a04b87f33cc539d) Importer(815301076,1909f56bfc062723c751e8b465ee728b)
Start importing Assets/Polytope Studio/Lowpoly Medieval Environments/Sources/Materials/PT_Generic_Tree_Trunk_mat.mat using Guid(e6ce4253a748b0849a04b87f33cc539d) Importer(815301076,1909f56bfc062723c751e8b465ee728b)  -> (artifact id: '42638a3addde1b1d7ed6ef66682749ff') in 0.018060 seconds 
========================================================================
Received Import Request.
  Time since last request: 0.085565 seconds.
  path: Assets/GUI PRO Kit - Simple Casual/Sprite/Component/Slider/Slider_Demo_Light/Slider01_Frame.png
  artifactKey: Guid(e29d8fee689c74ced9ed7604ed01c3be) Importer(815301076,1909f56bfc062723c751e8b465ee728b)
Start importing Assets/GUI PRO Kit - Simple Casual/Sprite/Component/Slider/Slider_Demo_Light/Slider01_Frame.png using Guid(e29d8fee689c74ced9ed7604ed01c3be) Importer(815301076,1909f56bfc062723c751e8b465ee728b)  -> (artifact id: '151647cdea7cb7c90234eeccb946c27d') in 0.013781 seconds 
========================================================================
Received Import Request.
  Time since last request: 0.251963 seconds.
  path: Assets/Low Poly Rocks Pack/Rock Assets/Meshes/Colliders/Sharp_Rocks/Rock_Sharp_l_01_Collider.fbx
  artifactKey: Guid(39b9fbd17eb2f854d9dbd15bb586b33d) Importer(815301076,1909f56bfc062723c751e8b465ee728b)
Start importing Assets/Low Poly Rocks Pack/Rock Assets/Meshes/Colliders/Sharp_Rocks/Rock_Sharp_l_01_Collider.fbx using Guid(39b9fbd17eb2f854d9dbd15bb586b33d) Importer(815301076,1909f56bfc062723c751e8b465ee728b)  -> (artifact id: '85ec7019c9f2cc582169dbda7b44f0d3') in 0.014684 seconds 
========================================================================
Received Import Request.
  Time since last request: 0.273433 seconds.
  path: Assets/GUI PRO Kit - Simple Casual/Sprite/Demo/Demo_ItemIcon_(OriginalSize)/itemicon_flag_0_red.png
  artifactKey: Guid(b00ebfdb0a1b44f67a03235761517db9) Importer(815301076,1909f56bfc062723c751e8b465ee728b)
Start importing Assets/GUI PRO Kit - Simple Casual/Sprite/Demo/Demo_ItemIcon_(OriginalSize)/itemicon_flag_0_red.png using Guid(b00ebfdb0a1b44f67a03235761517db9) Importer(815301076,1909f56bfc062723c751e8b465ee728b)  -> (artifact id: '403b07a3d39d983a75dcbeb967959d0c') in 0.013970 seconds 
========================================================================
Received Import Request.
  Time since last request: 0.150697 seconds.
  path: Assets/Low Poly Rocks Pack/Rock Assets/Meshes/1 Color/Sharp_Rocks/Rock_Sharp_l_01.fbx
  artifactKey: Guid(79b833ebfdeac16438edc0594ddbf31d) Importer(815301076,1909f56bfc062723c751e8b465ee728b)
Start importing Assets/Low Poly Rocks Pack/Rock Assets/Meshes/1 Color/Sharp_Rocks/Rock_Sharp_l_01.fbx using Guid(79b833ebfdeac16438edc0594ddbf31d) Importer(815301076,1909f56bfc062723c751e8b465ee728b)  -> (artifact id: '5b52f408c12ff85429b92f97d7c3afde') in 0.016541 seconds 
========================================================================
Received Import Request.
  Time since last request: 0.101261 seconds.
  path: Assets/IA/Player/IronBoy AnimController.controller
  artifactKey: Guid(4242f01739fd9944d96b5d3afa1ff496) Importer(815301076,1909f56bfc062723c751e8b465ee728b)
Start importing Assets/IA/Player/IronBoy AnimController.controller using Guid(4242f01739fd9944d96b5d3afa1ff496) Importer(815301076,1909f56bfc062723c751e8b465ee728b)  -> (artifact id: '865fc015fd576d6d00faf51fe79936a7') in 0.020342 seconds 
========================================================================
Received Import Request.
  Time since last request: 0.185904 seconds.
  path: Assets/SliderGroup_Pass_LIght.prefab
  artifactKey: Guid(872540785b44abf44b9b94aef4a52dc7) Importer(815301076,1909f56bfc062723c751e8b465ee728b)
Start importing Assets/SliderGroup_Pass_LIght.prefab using Guid(872540785b44abf44b9b94aef4a52dc7) Importer(815301076,1909f56bfc062723c751e8b465ee728b)  -> (artifact id: '2bbfddb098813acc142524b89b0e5515') in 0.021803 seconds 
========================================================================
Received Import Request.
  Time since last request: 0.018483 seconds.
  path: Assets/GUI PRO Kit - Simple Casual/Prefabs/Prefabs_Component_Sliders/Slider01_Light.prefab
  artifactKey: Guid(cc9051c0f02f44d1b81ee501ab4147ea) Importer(815301076,1909f56bfc062723c751e8b465ee728b)
Start importing Assets/GUI PRO Kit - Simple Casual/Prefabs/Prefabs_Component_Sliders/Slider01_Light.prefab using Guid(cc9051c0f02f44d1b81ee501ab4147ea) Importer(815301076,1909f56bfc062723c751e8b465ee728b)  -> (artifact id: '0c9d08aac75b043aea388bf5d8d4f6b2') in 0.042365 seconds 
========================================================================
Received Import Request.
  Time since last request: 0.019752 seconds.
  path: Assets/TextMesh Pro/Shaders/TMPro.cginc
  artifactKey: Guid(407bc68d299748449bbf7f48ee690f8d) Importer(815301076,1909f56bfc062723c751e8b465ee728b)
Start importing Assets/TextMesh Pro/Shaders/TMPro.cginc using Guid(407bc68d299748449bbf7f48ee690f8d) Importer(815301076,1909f56bfc062723c751e8b465ee728b)  -> (artifact id: '2bb39bd9689c3f6cad55969bc8122419') in 0.023260 seconds 
========================================================================
Received Import Request.
  Time since last request: 0.115072 seconds.
  path: Assets/Polytope Studio/Lowpoly Medieval Environments/Sources/Materials/PT_Grass_Mat.mat
  artifactKey: Guid(09473d06882d1414b84b1fdb7a095516) Importer(815301076,1909f56bfc062723c751e8b465ee728b)
Start importing Assets/Polytope Studio/Lowpoly Medieval Environments/Sources/Materials/PT_Grass_Mat.mat using Guid(09473d06882d1414b84b1fdb7a095516) Importer(815301076,1909f56bfc062723c751e8b465ee728b)  -> (artifact id: '98e02e58dbda9681c1e711d6c58a7862') in 0.019647 seconds 
========================================================================
Received Import Request.
  Time since last request: 0.129782 seconds.
  path: Assets/Low Poly Rocks Pack/Rock Assets/Meshes/1 Color/Sharp_Rocks/Rock_Sharp_s_05.fbx
  artifactKey: Guid(e7ce403e67732884db2428cb49ef8d8f) Importer(815301076,1909f56bfc062723c751e8b465ee728b)
Start importing Assets/Low Poly Rocks Pack/Rock Assets/Meshes/1 Color/Sharp_Rocks/Rock_Sharp_s_05.fbx using Guid(e7ce403e67732884db2428cb49ef8d8f) Importer(815301076,1909f56bfc062723c751e8b465ee728b)  -> (artifact id: '7545bd0c8c50c36ebe9409468328045b') in 0.016804 seconds 
========================================================================
Received Import Request.
  Time since last request: 0.161062 seconds.
  path: Assets/GUI PRO Kit - Simple Casual/Fonts/Rubik-Medium SDF.asset
  artifactKey: Guid(5f58c05479cb14f588efcdfcbdab347c) Importer(815301076,1909f56bfc062723c751e8b465ee728b)
Start importing Assets/GUI PRO Kit - Simple Casual/Fonts/Rubik-Medium SDF.asset using Guid(5f58c05479cb14f588efcdfcbdab347c) Importer(815301076,1909f56bfc062723c751e8b465ee728b)  -> (artifact id: '5a2a782d7101d67f7ee1d5b33192beb0') in 0.119699 seconds 
========================================================================
Received Import Request.
  Time since last request: 0.049550 seconds.
  path: Assets/Low Poly Rocks Pack/Rock Assets/Meshes/Colliders/Sharp_Rocks/Rock_Sharp_l_05_Collider.fbx
  artifactKey: Guid(df168c7786a1f2e459d355f7c18f5a4f) Importer(815301076,1909f56bfc062723c751e8b465ee728b)
Start importing Assets/Low Poly Rocks Pack/Rock Assets/Meshes/Colliders/Sharp_Rocks/Rock_Sharp_l_05_Collider.fbx using Guid(df168c7786a1f2e459d355f7c18f5a4f) Importer(815301076,1909f56bfc062723c751e8b465ee728b)  -> (artifact id: '14e65a84aaebe9f3154218673182b6a4') in 0.034196 seconds 
========================================================================
Received Import Request.
  Time since last request: 0.158143 seconds.
  path: Assets/Low Poly Rocks Pack/Rock Assets/Meshes/Colliders/Sharp_Rocks/Rock_Sharp_m_13_Collider.fbx
  artifactKey: Guid(d2ab8da00cb649947a5e7e4f9d96f32f) Importer(815301076,1909f56bfc062723c751e8b465ee728b)
Start importing Assets/Low Poly Rocks Pack/Rock Assets/Meshes/Colliders/Sharp_Rocks/Rock_Sharp_m_13_Collider.fbx using Guid(d2ab8da00cb649947a5e7e4f9d96f32f) Importer(815301076,1909f56bfc062723c751e8b465ee728b)  -> (artifact id: 'ef267ce25adb2086bfdadbb860a5d1d2') in 0.023714 seconds 
========================================================================
Received Import Request.
  Time since last request: 0.063461 seconds.
  path: Assets/Polytope Studio/Lowpoly Medieval Environments/Sources/Meshes/Trees/PT_Oak_Tree_01_dead.fbx
  artifactKey: Guid(b9293af2f0076354ab87f0d8a4bcdec4) Importer(815301076,1909f56bfc062723c751e8b465ee728b)
Start importing Assets/Polytope Studio/Lowpoly Medieval Environments/Sources/Meshes/Trees/PT_Oak_Tree_01_dead.fbx using Guid(b9293af2f0076354ab87f0d8a4bcdec4) Importer(815301076,1909f56bfc062723c751e8b465ee728b)  -> (artifact id: 'c50615a3a69507bb532f15ddecef2526') in 0.060807 seconds 
========================================================================
Received Import Request.
  Time since last request: 0.459633 seconds.
  path: Assets/Polytope Studio/Lowpoly Medieval Environments/Sources/Meshes/Trees/PT_Generic_Tree_05_dead_cut.fbx
  artifactKey: Guid(987005a8f10f1764fb910031b6eb0db2) Importer(815301076,1909f56bfc062723c751e8b465ee728b)
Start importing Assets/Polytope Studio/Lowpoly Medieval Environments/Sources/Meshes/Trees/PT_Generic_Tree_05_dead_cut.fbx using Guid(987005a8f10f1764fb910031b6eb0db2) Importer(815301076,1909f56bfc062723c751e8b465ee728b)  -> (artifact id: '27ff329c10307825ce8e2b0402922f53') in 0.018280 seconds 
========================================================================
Received Import Request.
  Time since last request: 0.054390 seconds.
  path: Assets/Low Poly Rocks Pack/Rock Assets/Meshes/Colliders/Sharp_Rocks/Rock_Sharp_crk_m_01_Collider.fbx
  artifactKey: Guid(b5c91b5d57d22ba4aaefc1dd88d78890) Importer(815301076,1909f56bfc062723c751e8b465ee728b)
Start importing Assets/Low Poly Rocks Pack/Rock Assets/Meshes/Colliders/Sharp_Rocks/Rock_Sharp_crk_m_01_Collider.fbx using Guid(b5c91b5d57d22ba4aaefc1dd88d78890) Importer(815301076,1909f56bfc062723c751e8b465ee728b)  -> (artifact id: '0f7ed1cd086f6e251015ae3e1ccc51b2') in 0.020500 seconds 
========================================================================
Received Import Request.
  Time since last request: 0.092826 seconds.
  path: Assets/Polytope Studio/Lowpoly Medieval Environments/Sources/Materials/PT_Oak_Tree_Trunk_mat.mat
  artifactKey: Guid(fe8e839cd8095a4499bebff2b54d69b1) Importer(815301076,1909f56bfc062723c751e8b465ee728b)
Start importing Assets/Polytope Studio/Lowpoly Medieval Environments/Sources/Materials/PT_Oak_Tree_Trunk_mat.mat using Guid(fe8e839cd8095a4499bebff2b54d69b1) Importer(815301076,1909f56bfc062723c751e8b465ee728b)  -> (artifact id: '8ef364ea1d4d7d30e1e55d3de32d9f76') in 0.014672 seconds 
========================================================================
Received Import Request.
  Time since last request: 0.289069 seconds.
  path: Assets/Low Poly Rocks Pack/Rock Assets/Meshes/1 Color/Sharp_Rocks/Rocks_Sharp_s_05.fbx
  artifactKey: Guid(cdbebe726e5f39f439cbfe898042bfe3) Importer(815301076,1909f56bfc062723c751e8b465ee728b)
Start importing Assets/Low Poly Rocks Pack/Rock Assets/Meshes/1 Color/Sharp_Rocks/Rocks_Sharp_s_05.fbx using Guid(cdbebe726e5f39f439cbfe898042bfe3) Importer(815301076,1909f56bfc062723c751e8b465ee728b)  -> (artifact id: '3ff7b9213a892a087a64edb2d6c618fa') in 0.013901 seconds 
========================================================================
Received Import Request.
  Time since last request: 0.188919 seconds.
  path: Assets/Low Poly Rocks Pack/Rock Assets/Meshes/1 Color/Sharp_Rocks/Rocks_Sharp_m_02.fbx
  artifactKey: Guid(2d0b9dc7e35d43d4fa1bbc313220fde0) Importer(815301076,1909f56bfc062723c751e8b465ee728b)
Start importing Assets/Low Poly Rocks Pack/Rock Assets/Meshes/1 Color/Sharp_Rocks/Rocks_Sharp_m_02.fbx using Guid(2d0b9dc7e35d43d4fa1bbc313220fde0) Importer(815301076,1909f56bfc062723c751e8b465ee728b)  -> (artifact id: '04b41d57af8475782e3c3beaa2d8952e') in 0.016906 seconds 
========================================================================
Received Import Request.
  Time since last request: 0.010343 seconds.
  path: Assets/Low Poly Rocks Pack/Rock Assets/Meshes/Colliders/Sharp_Rocks/Rock_Sharp_m_17_Collider.fbx
  artifactKey: Guid(d200203134b5f64488c1ea81ed2a1814) Importer(815301076,1909f56bfc062723c751e8b465ee728b)
Start importing Assets/Low Poly Rocks Pack/Rock Assets/Meshes/Colliders/Sharp_Rocks/Rock_Sharp_m_17_Collider.fbx using Guid(d200203134b5f64488c1ea81ed2a1814) Importer(815301076,1909f56bfc062723c751e8b465ee728b)  -> (artifact id: 'bb67b076e763c505bf911a06dfac8fe6') in 0.015516 seconds 
========================================================================
Received Import Request.
  Time since last request: 0.038565 seconds.
  path: Assets/Polytope Studio/Lowpoly Medieval Environments/Sources/Meshes/Trees/Materials/PT_Oak_Tree_Trunk_mat3.mat
  artifactKey: Guid(a3912e6434e547c4fb6a2ac240b7b482) Importer(815301076,1909f56bfc062723c751e8b465ee728b)
Start importing Assets/Polytope Studio/Lowpoly Medieval Environments/Sources/Meshes/Trees/Materials/PT_Oak_Tree_Trunk_mat3.mat using Guid(a3912e6434e547c4fb6a2ac240b7b482) Importer(815301076,1909f56bfc062723c751e8b465ee728b)  -> (artifact id: '95fe232eec33ea442e75fdadaa27851b') in 0.015717 seconds 
========================================================================
Received Import Request.
  Time since last request: 0.303095 seconds.
  path: Assets/Polytope Studio/Lowpoly Medieval Environments/Sources/Textures/PT_Tree_Trunk_01.png
  artifactKey: Guid(5733ec0c27e7c9d41a230d27ca7b85d4) Importer(815301076,1909f56bfc062723c751e8b465ee728b)
Start importing Assets/Polytope Studio/Lowpoly Medieval Environments/Sources/Textures/PT_Tree_Trunk_01.png using Guid(5733ec0c27e7c9d41a230d27ca7b85d4) Importer(815301076,1909f56bfc062723c751e8b465ee728b)  -> (artifact id: '74555a78e202e8b806911f476e34d268') in 0.016793 seconds 
========================================================================
Received Import Request.
  Time since last request: 0.011566 seconds.
  path: Assets/Low Poly Rocks Pack/Rock Assets/Meshes/1 Color/Sharp_Rocks/Rock_Sharp_m_17.fbx
  artifactKey: Guid(1e7fe5b14b135b74a96f12c8aee997fd) Importer(815301076,1909f56bfc062723c751e8b465ee728b)
Start importing Assets/Low Poly Rocks Pack/Rock Assets/Meshes/1 Color/Sharp_Rocks/Rock_Sharp_m_17.fbx using Guid(1e7fe5b14b135b74a96f12c8aee997fd) Importer(815301076,1909f56bfc062723c751e8b465ee728b)  -> (artifact id: 'c9832176fcbd7f3fd3bf32a1ad50e2a5') in 0.015182 seconds 
========================================================================
Received Import Request.
  Time since last request: 0.140190 seconds.
  path: Assets/GUI PRO Kit - Simple Casual/Sprite/Demo/Demo_ItemIcon_(OriginalSize)/itemicon_heart.png
  artifactKey: Guid(791ae6cb9ed5b4301bb6925b78e26f45) Importer(815301076,1909f56bfc062723c751e8b465ee728b)
Start importing Assets/GUI PRO Kit - Simple Casual/Sprite/Demo/Demo_ItemIcon_(OriginalSize)/itemicon_heart.png using Guid(791ae6cb9ed5b4301bb6925b78e26f45) Importer(815301076,1909f56bfc062723c751e8b465ee728b)  -> (artifact id: '83f02cc265c5cd9239613c2a3a519f57') in 0.022712 seconds 
========================================================================
Received Import Request.
  Time since last request: 0.391525 seconds.
  path: Assets/Low Poly Rocks Pack/Rock Assets/Meshes/1 Color/Sharp_Rocks/Rocks_Sharp_s_07.fbx
  artifactKey: Guid(793c18eb00cfc074185c3b416afc866c) Importer(815301076,1909f56bfc062723c751e8b465ee728b)
Start importing Assets/Low Poly Rocks Pack/Rock Assets/Meshes/1 Color/Sharp_Rocks/Rocks_Sharp_s_07.fbx using Guid(793c18eb00cfc074185c3b416afc866c) Importer(815301076,1909f56bfc062723c751e8b465ee728b)  -> (artifact id: '6e6cb1228fe4fdadbbf208f6421ae5fe') in 0.029550 seconds 
========================================================================
Received Import Request.
  Time since last request: 0.212161 seconds.
  path: Assets/User UI.prefab
  artifactKey: Guid(498bacc66f3e3bd4285b663c09af8cad) Importer(815301076,1909f56bfc062723c751e8b465ee728b)
Start importing Assets/User UI.prefab using Guid(498bacc66f3e3bd4285b663c09af8cad) Importer(815301076,1909f56bfc062723c751e8b465ee728b)  -> (artifact id: '2a97cd2dcc834ca75b613242dfaf7a13') in 0.052694 seconds 
========================================================================
Received Import Request.
  Time since last request: 0.208742 seconds.
  path: Assets/Low Poly Rocks Pack/Rock Assets/Meshes/1 Color/Sharp_Rocks/Rocks_Sharp_l_01.fbx
  artifactKey: Guid(60e91cb870f385b4394d8bffa17cc3e9) Importer(815301076,1909f56bfc062723c751e8b465ee728b)
Start importing Assets/Low Poly Rocks Pack/Rock Assets/Meshes/1 Color/Sharp_Rocks/Rocks_Sharp_l_01.fbx using Guid(60e91cb870f385b4394d8bffa17cc3e9) Importer(815301076,1909f56bfc062723c751e8b465ee728b)  -> (artifact id: '4b787f6db89d3a820513711c68cbf3c8') in 0.015413 seconds 
========================================================================
Received Import Request.
  Time since last request: 0.199097 seconds.
  path: Assets/Low Poly Rocks Pack/Rock Assets/Meshes/Colliders/Sharp_Rocks/Rock_Sharp_l_04_Collider.fbx
  artifactKey: Guid(20674cd6b142ded45914b3dbc38d5441) Importer(815301076,1909f56bfc062723c751e8b465ee728b)
Start importing Assets/Low Poly Rocks Pack/Rock Assets/Meshes/Colliders/Sharp_Rocks/Rock_Sharp_l_04_Collider.fbx using Guid(20674cd6b142ded45914b3dbc38d5441) Importer(815301076,1909f56bfc062723c751e8b465ee728b)  -> (artifact id: '1313ba33518e4c44b08c2c46af7ca055') in 0.014634 seconds 
========================================================================
Received Import Request.
  Time since last request: 0.099549 seconds.
  path: Assets/Resources/Adventurer Aland/Legacy (No longer supported)/Outdated Humanoid/Animators/Demo Aland.controller
  artifactKey: Guid(c54398003d275fa4db6d7f6ebf664957) Importer(815301076,1909f56bfc062723c751e8b465ee728b)
Start importing Assets/Resources/Adventurer Aland/Legacy (No longer supported)/Outdated Humanoid/Animators/Demo Aland.controller using Guid(c54398003d275fa4db6d7f6ebf664957) Importer(815301076,1909f56bfc062723c751e8b465ee728b)  -> (artifact id: 'cc8c82e5342a98dd57479c7dfb7ce980') in 0.020260 seconds 
========================================================================
Received Import Request.
  Time since last request: 0.048150 seconds.
  path: Assets/Low Poly Rocks Pack/Rock Assets/Meshes/1 Color/Sharp_Rocks/Rock_Sharp_m_10.fbx
  artifactKey: Guid(269c990820ba33447b08d11dd9773267) Importer(815301076,1909f56bfc062723c751e8b465ee728b)
Start importing Assets/Low Poly Rocks Pack/Rock Assets/Meshes/1 Color/Sharp_Rocks/Rock_Sharp_m_10.fbx using Guid(269c990820ba33447b08d11dd9773267) Importer(815301076,1909f56bfc062723c751e8b465ee728b)  -> (artifact id: '42cd36d019a6e4915dc5f8eb24d21c3e') in 0.024361 seconds 
========================================================================
Received Import Request.
  Time since last request: 0.305594 seconds.
  path: Assets/Low Poly Rocks Pack/Rock Assets/Meshes/1 Color/Sharp_Rocks/Rocks_Sharp_l_06.fbx
  artifactKey: Guid(3c0dac7e23e2cbf4183d5139d96849b0) Importer(815301076,1909f56bfc062723c751e8b465ee728b)
Start importing Assets/Low Poly Rocks Pack/Rock Assets/Meshes/1 Color/Sharp_Rocks/Rocks_Sharp_l_06.fbx using Guid(3c0dac7e23e2cbf4183d5139d96849b0) Importer(815301076,1909f56bfc062723c751e8b465ee728b)  -> (artifact id: '1003bd0c5d4287f61bdcd4656e3b344f') in 0.014339 seconds 
========================================================================
Received Import Request.
  Time since last request: 0.028349 seconds.
  path: Assets/GUI PRO Kit - Simple Casual/Sprite/Component/Slider/Slider_Demo_Light/Slider01_Fill.png
  artifactKey: Guid(8cc0231602763458daf9e8f8b289c701) Importer(815301076,1909f56bfc062723c751e8b465ee728b)
Start importing Assets/GUI PRO Kit - Simple Casual/Sprite/Component/Slider/Slider_Demo_Light/Slider01_Fill.png using Guid(8cc0231602763458daf9e8f8b289c701) Importer(815301076,1909f56bfc062723c751e8b465ee728b)  -> (artifact id: '820ae0a3d21c23ab8ab775874a8ad30c') in 0.013208 seconds 
========================================================================
Received Import Request.
  Time since last request: 0.491856 seconds.
  path: Assets/TextMesh Pro/Shaders/TMP_SDF.shader
  artifactKey: Guid(68e6db2ebdc24f95958faec2be5558d6) Importer(815301076,1909f56bfc062723c751e8b465ee728b)
Start importing Assets/TextMesh Pro/Shaders/TMP_SDF.shader using Guid(68e6db2ebdc24f95958faec2be5558d6) Importer(815301076,1909f56bfc062723c751e8b465ee728b)  -> (artifact id: '1a22c658e6548a49ace317f3ecc64eed') in 0.006823 seconds 
========================================================================
Received Import Request.
  Time since last request: 0.301783 seconds.
  path: Assets/Low Poly Rocks Pack/Rock Assets/Meshes/Colliders/Sharp_Rocks/Rock_Sharp_s_05_Collider.fbx
  artifactKey: Guid(340d21045b786c04984b097500c6ac9f) Importer(815301076,1909f56bfc062723c751e8b465ee728b)
Start importing Assets/Low Poly Rocks Pack/Rock Assets/Meshes/Colliders/Sharp_Rocks/Rock_Sharp_s_05_Collider.fbx using Guid(340d21045b786c04984b097500c6ac9f) Importer(815301076,1909f56bfc062723c751e8b465ee728b)  -> (artifact id: '17ad236e4f56c3c6d91c0998665e0c74') in 0.015061 seconds 
========================================================================
Received Import Request.
  Time since last request: 0.183394 seconds.
  path: Assets/Polytope Studio/Lowpoly Medieval Environments/Sources/Meshes/Trees/PT_Oak_Tree_02_dead_cut.fbx
  artifactKey: Guid(279c304af41f42c4d9ea3d8332bfeb1c) Importer(815301076,1909f56bfc062723c751e8b465ee728b)
Start importing Assets/Polytope Studio/Lowpoly Medieval Environments/Sources/Meshes/Trees/PT_Oak_Tree_02_dead_cut.fbx using Guid(279c304af41f42c4d9ea3d8332bfeb1c) Importer(815301076,1909f56bfc062723c751e8b465ee728b)  -> (artifact id: '42e0acc7a53f5cee149b4cd54b9ee3fa') in 0.017263 seconds 
========================================================================
Received Import Request.
  Time since last request: 0.009962 seconds.
  path: Assets/Low Poly Rocks Pack/Rock Assets/Meshes/Colliders/Sharp_Rocks/Rocks_Sharp_l_01_Collider.fbx
  artifactKey: Guid(58c9f7515869da8448a7f55112c9d48e) Importer(815301076,1909f56bfc062723c751e8b465ee728b)
Start importing Assets/Low Poly Rocks Pack/Rock Assets/Meshes/Colliders/Sharp_Rocks/Rocks_Sharp_l_01_Collider.fbx using Guid(58c9f7515869da8448a7f55112c9d48e) Importer(815301076,1909f56bfc062723c751e8b465ee728b)  -> (artifact id: '0ab3f6c386f2caba77ac4f31db6c5e1a') in 0.013918 seconds 
========================================================================
Received Import Request.
  Time since last request: 0.020136 seconds.
  path: Assets/Heart acquition.prefab
  artifactKey: Guid(f6fa34e5e08ea6b40b5c3abad56ef195) Importer(815301076,1909f56bfc062723c751e8b465ee728b)
Start importing Assets/Heart acquition.prefab using Guid(f6fa34e5e08ea6b40b5c3abad56ef195) Importer(815301076,1909f56bfc062723c751e8b465ee728b)  -> (artifact id: '3468dde671947c220589f6bb7865abd3') in 0.008571 seconds 
========================================================================
Received Import Request.
  Time since last request: 0.009541 seconds.
  path: Assets/Low Poly Rocks Pack/Rock Assets/Meshes/1 Color/Sharp_Rocks/Rocks_Sharp_l_05.fbx
  artifactKey: Guid(610c8e09546626248bd0e85de6d786fd) Importer(815301076,1909f56bfc062723c751e8b465ee728b)
Start importing Assets/Low Poly Rocks Pack/Rock Assets/Meshes/1 Color/Sharp_Rocks/Rocks_Sharp_l_05.fbx using Guid(610c8e09546626248bd0e85de6d786fd) Importer(815301076,1909f56bfc062723c751e8b465ee728b)  -> (artifact id: '62d7f8615d2ee46089614c6ea1056d1f') in 0.016095 seconds 
========================================================================
Received Import Request.
  Time since last request: 0.053174 seconds.
  path: Assets/Low Poly Rocks Pack/Rock Assets/Texture/Rocks_Texture_Atlas.png
  artifactKey: Guid(925d1596f856987479f8aa0c834f33d5) Importer(815301076,1909f56bfc062723c751e8b465ee728b)
Start importing Assets/Low Poly Rocks Pack/Rock Assets/Texture/Rocks_Texture_Atlas.png using Guid(925d1596f856987479f8aa0c834f33d5) Importer(815301076,1909f56bfc062723c751e8b465ee728b)  -> (artifact id: '56aa0e7da384761ee1a25106b3640e46') in 0.011262 seconds 
========================================================================
Received Import Request.
  Time since last request: 0.109334 seconds.
  path: Assets/Low Poly Rocks Pack/Rock Assets/Meshes/Colliders/Sharp_Rocks/Rocks_Sharp_m_02_Collider.fbx
  artifactKey: Guid(5cb6403c9a3b09d4082019f3ac9c0300) Importer(815301076,1909f56bfc062723c751e8b465ee728b)
Start importing Assets/Low Poly Rocks Pack/Rock Assets/Meshes/Colliders/Sharp_Rocks/Rocks_Sharp_m_02_Collider.fbx using Guid(5cb6403c9a3b09d4082019f3ac9c0300) Importer(815301076,1909f56bfc062723c751e8b465ee728b)  -> (artifact id: '570d4d68e01180c3b0f39afd6c0a7a0c') in 0.016410 seconds 
========================================================================
Received Import Request.
  Time since last request: 0.071163 seconds.
  path: Assets/IA/Player/IronBoy UpperBody.mask
  artifactKey: Guid(38beeccf6a931e342b6dc64e93efb889) Importer(815301076,1909f56bfc062723c751e8b465ee728b)
Start importing Assets/IA/Player/IronBoy UpperBody.mask using Guid(38beeccf6a931e342b6dc64e93efb889) Importer(815301076,1909f56bfc062723c751e8b465ee728b)  -> (artifact id: '6f49e33f08d3fe76505309459215d57c') in 0.011323 seconds 
========================================================================
Received Import Request.
  Time since last request: 0.095785 seconds.
  path: Assets/GUI PRO Kit - Simple Casual/Sprite/Demo/Demo_CountryFlag/Language_Flag_l_Kor.Png
  artifactKey: Guid(4fe77c0b9da6147d59495b84b03b6e7b) Importer(815301076,1909f56bfc062723c751e8b465ee728b)
Start importing Assets/GUI PRO Kit - Simple Casual/Sprite/Demo/Demo_CountryFlag/Language_Flag_l_Kor.Png using Guid(4fe77c0b9da6147d59495b84b03b6e7b) Importer(815301076,1909f56bfc062723c751e8b465ee728b)  -> (artifact id: '72229454dbe3e71a9c0accb94c18a7ba') in 0.018861 seconds 
========================================================================
Received Import Request.
  Time since last request: 0.151418 seconds.
  path: Assets/Low Poly Rocks Pack/Bonus Assets/Meshes/Mountains/Mountain_06.fbx
  artifactKey: Guid(52e6c4912302eb6469c6482ac948aef9) Importer(815301076,1909f56bfc062723c751e8b465ee728b)
Start importing Assets/Low Poly Rocks Pack/Bonus Assets/Meshes/Mountains/Mountain_06.fbx using Guid(52e6c4912302eb6469c6482ac948aef9) Importer(815301076,1909f56bfc062723c751e8b465ee728b)  -> (artifact id: '168cfc42bf966a1733f80e80a8337e42') in 0.020461 seconds 
========================================================================
Received Import Request.
  Time since last request: 0.041927 seconds.
  path: Assets/Low Poly Rocks Pack/Bonus Assets/Meshes/Ground/Ground_s_05.fbx
  artifactKey: Guid(24947347b502b8349ad8e8b7ac62823f) Importer(815301076,1909f56bfc062723c751e8b465ee728b)
Start importing Assets/Low Poly Rocks Pack/Bonus Assets/Meshes/Ground/Ground_s_05.fbx using Guid(24947347b502b8349ad8e8b7ac62823f) Importer(815301076,1909f56bfc062723c751e8b465ee728b)  -> (artifact id: 'c9830c65ad280490fbe4caf3985e54c1') in 0.025579 seconds 
AssetImportWorkerClient::OnTransportError - code=2 error=End of file
